<?xml version="1.0" encoding="UTF-8"?>
<!-- Generated by org.testng.reporters.JUnitXMLReporter -->
<testsuite hostname="Vikkyaradhya" ignored="0" name="Default test" tests="4" failures="0" timestamp="03 Mar 2019 08:04:18 GMT" time="135.921" errors="0">
  <testcase name="verifyHomePageTitle" time="0.018" classname="stepDefinition.RegisterTest"/>
  <testcase name="registerUser" time="1.005" classname="stepDefinition.RegisterTest"/>
  <testcase name="verifyRegisterPageTitle" time="0.012" classname="stepDefinition.RegisterTest"/>
  <testcase name="enterUserDetails" time="125.89" classname="stepDefinition.RegisterTest"/>
</testsuite> <!-- Default test -->
