<?xml version="1.0" encoding="UTF-8"?>
<!-- Generated by org.testng.reporters.JUnitXMLReporter -->
<testsuite hostname="Vikkyaradhya" ignored="0" name="mercury Test" tests="8" failures="0" timestamp="23 Mar 2019 07:15:00 GMT" time="21.651" errors="0">
  <testcase name="verifyHomePageTitle" time="0.021" classname="stepDefinition.RegisterTest"/>
  <testcase name="registerUser" time="0.897" classname="stepDefinition.RegisterTest"/>
  <testcase name="verifyRegisterPageTitle" time="0.008" classname="stepDefinition.RegisterTest"/>
  <testcase name="enterUserDetails" time="12.731" classname="stepDefinition.RegisterTest"/>
  <testcase name="goToLoginPage" time="0.008" classname="stepDefinition.LoginTest"/>
  <testcase name="goToHomePage" time="0.901" classname="stepDefinition.LoginTest"/>
  <testcase name="verifyLoginPageTitle" time="0.006" classname="stepDefinition.LoginTest"/>
  <testcase name="loginUser" time="4.601" classname="stepDefinition.LoginTest"/>
</testsuite> <!-- mercury Test -->
