<?xml version="1.0" encoding="UTF-8"?>
<!-- Generated by org.testng.reporters.JUnitXMLReporter -->
<testsuite hostname="Vikkyaradhya" ignored="0" name="mercury Test" tests="8" failures="0" timestamp="24 Mar 2019 09:05:21 GMT" time="131.934" errors="0">
  <testcase name="verifyHomePageTitle" time="0.016" classname="stepDefinition.RegisterTest"/>
  <testcase name="registerUser" time="0.904" classname="stepDefinition.RegisterTest"/>
  <testcase name="verifyRegisterPageTitle" time="0.0" classname="stepDefinition.RegisterTest"/>
  <testcase name="enterUserDetails" time="97.774" classname="stepDefinition.RegisterTest"/>
  <testcase name="goToLoginPage" time="0.0" classname="stepDefinition.LoginTest"/>
  <testcase name="goToHomePage" time="0.895" classname="stepDefinition.LoginTest"/>
  <testcase name="verifyLoginPageTitle" time="0.015" classname="stepDefinition.LoginTest"/>
  <testcase name="loginUser" time="29.597" classname="stepDefinition.LoginTest"/>
</testsuite> <!-- mercury Test -->
